WARNING:tensorflow:From /usr/local/lib/python2.7/dist-packages/tensorflow/contrib/learn/python/learn/datasets/base.py:198: retry (from tensorflow.contrib.learn.python.learn.datasets.base) is deprecated and will be removed in a future version.
Instructions for updating:
Use the retry module or similar alternatives.
WARNING:tensorflow:From /cvgl2/u/mihirp/FPointNet/frustum-pointnets-master/models/model_util.py:212: calling reduce_sum (from tensorflow.python.ops.math_ops) with keep_dims is deprecated and will be removed in a future version.
Instructions for updating:
keep_dims is deprecated, use keepdims instead
2018-10-25 14:50:25.039462: I tensorflow/core/platform/cpu_feature_guard.cc:140] Your CPU supports instructions that this TensorFlow binary was not compiled to use: AVX2 FMA
pid: 20554
**** EPOCH 000 ****
2018-10-25 14:50:28.311210
 -- 010 / 2297 --
mean loss: 68.170738
segmentation accuracy: 0.509381
box IoU (ground/3D): 0.063374 / 0.035328
box estimation accuracy (IoU=0.7): 0.000000
 -- 020 / 2297 --
mean loss: 45.492628
segmentation accuracy: 0.558023
box IoU (ground/3D): 0.135055 / 0.091223
box estimation accuracy (IoU=0.7): 0.000000
 -- 030 / 2297 --
mean loss: 41.142658
segmentation accuracy: 0.561008
box IoU (ground/3D): 0.182147 / 0.131302
box estimation accuracy (IoU=0.7): 0.000000
 -- 040 / 2297 --
mean loss: 38.028399
segmentation accuracy: 0.600009
box IoU (ground/3D): 0.181635 / 0.141914
box estimation accuracy (IoU=0.7): 0.006250
 -- 050 / 2297 --
mean loss: 30.657413
segmentation accuracy: 0.593869
box IoU (ground/3D): 0.236089 / 0.189165
box estimation accuracy (IoU=0.7): 0.003125
 -- 060 / 2297 --
mean loss: 29.959740
segmentation accuracy: 0.602985
box IoU (ground/3D): 0.238764 / 0.195199
box estimation accuracy (IoU=0.7): 0.003125
 -- 070 / 2297 --
mean loss: 29.856776
segmentation accuracy: 0.635629
box IoU (ground/3D): 0.256623 / 0.203515
box estimation accuracy (IoU=0.7): 0.006250
 -- 080 / 2297 --
mean loss: 27.445033
segmentation accuracy: 0.637961
box IoU (ground/3D): 0.251246 / 0.206640
box estimation accuracy (IoU=0.7): 0.006250
 -- 090 / 2297 --
mean loss: 30.125910
segmentation accuracy: 0.636398
box IoU (ground/3D): 0.267090 / 0.218915
box estimation accuracy (IoU=0.7): 0.003125
 -- 100 / 2297 --
mean loss: 25.363613
segmentation accuracy: 0.668918
box IoU (ground/3D): 0.263261 / 0.223771
box estimation accuracy (IoU=0.7): 0.006250
 -- 110 / 2297 --
mean loss: 27.889706
segmentation accuracy: 0.662485
box IoU (ground/3D): 0.297964 / 0.241229
box estimation accuracy (IoU=0.7): 0.003125
 -- 120 / 2297 --
mean loss: 28.310972
segmentation accuracy: 0.678598
box IoU (ground/3D): 0.277523 / 0.228439
box estimation accuracy (IoU=0.7): 0.015625
 -- 130 / 2297 --
mean loss: 25.014994
segmentation accuracy: 0.683609
box IoU (ground/3D): 0.316414 / 0.261707
box estimation accuracy (IoU=0.7): 0.018750
 -- 140 / 2297 --
mean loss: 24.512524
segmentation accuracy: 0.698676
box IoU (ground/3D): 0.269424 / 0.224568
box estimation accuracy (IoU=0.7): 0.006250
 -- 150 / 2297 --
mean loss: 27.036129
segmentation accuracy: 0.681909
box IoU (ground/3D): 0.284663 / 0.238915
box estimation accuracy (IoU=0.7): 0.015625
 -- 160 / 2297 --
mean loss: 23.312142
segmentation accuracy: 0.696622
box IoU (ground/3D): 0.301249 / 0.252566
box estimation accuracy (IoU=0.7): 0.018750
 -- 170 / 2297 --
mean loss: 22.812175
segmentation accuracy: 0.709024
box IoU (ground/3D): 0.308210 / 0.257636
box estimation accuracy (IoU=0.7): 0.003125
 -- 180 / 2297 --
mean loss: 33.468172
segmentation accuracy: 0.729126
box IoU (ground/3D): 0.252950 / 0.202112
box estimation accuracy (IoU=0.7): 0.006250
 -- 190 / 2297 --
mean loss: 30.010527
segmentation accuracy: 0.727356
box IoU (ground/3D): 0.254187 / 0.208331
box estimation accuracy (IoU=0.7): 0.006250
 -- 200 / 2297 --
mean loss: 20.399031
segmentation accuracy: 0.721353
box IoU (ground/3D): 0.322557 / 0.265446
box estimation accuracy (IoU=0.7): 0.006250
 -- 210 / 2297 --
mean loss: 23.662229
segmentation accuracy: 0.744196
box IoU (ground/3D): 0.301549 / 0.261641
box estimation accuracy (IoU=0.7): 0.021875
 -- 220 / 2297 --
mean loss: 20.476015
segmentation accuracy: 0.758823
box IoU (ground/3D): 0.326164 / 0.267713
box estimation accuracy (IoU=0.7): 0.012500
 -- 230 / 2297 --
mean loss: 21.955082
segmentation accuracy: 0.733585
box IoU (ground/3D): 0.325704 / 0.274402
box estimation accuracy (IoU=0.7): 0.009375
 -- 240 / 2297 --
mean loss: 19.507073
segmentation accuracy: 0.760458
box IoU (ground/3D): 0.347358 / 0.293801
box estimation accuracy (IoU=0.7): 0.021875
 -- 250 / 2297 --
mean loss: 18.862429
segmentation accuracy: 0.759198
box IoU (ground/3D): 0.334177 / 0.278646
box estimation accuracy (IoU=0.7): 0.015625
 -- 260 / 2297 --
mean loss: 18.504061
segmentation accuracy: 0.761697
box IoU (ground/3D): 0.341543 / 0.279144
box estimation accuracy (IoU=0.7): 0.028125
 -- 270 / 2297 --
mean loss: 20.206633
segmentation accuracy: 0.765085
box IoU (ground/3D): 0.318229 / 0.258567
box estimation accuracy (IoU=0.7): 0.018750
 -- 280 / 2297 --
mean loss: 22.702921
segmentation accuracy: 0.772144
box IoU (ground/3D): 0.345217 / 0.290865
box estimation accuracy (IoU=0.7): 0.009375
 -- 290 / 2297 --
mean loss: 16.857846
segmentation accuracy: 0.770682
box IoU (ground/3D): 0.366451 / 0.316836
box estimation accuracy (IoU=0.7): 0.046875
 -- 300 / 2297 --
mean loss: 18.557371
segmentation accuracy: 0.762198
box IoU (ground/3D): 0.345803 / 0.294043
box estimation accuracy (IoU=0.7): 0.028125
 -- 310 / 2297 --
mean loss: 18.034346
segmentation accuracy: 0.756561
box IoU (ground/3D): 0.356448 / 0.301403
box estimation accuracy (IoU=0.7): 0.046875
 -- 320 / 2297 --
mean loss: 19.182443
segmentation accuracy: 0.770499
box IoU (ground/3D): 0.353014 / 0.300837
box estimation accuracy (IoU=0.7): 0.025000
 -- 330 / 2297 --
mean loss: 17.448070
segmentation accuracy: 0.767239
box IoU (ground/3D): 0.361554 / 0.303351
box estimation accuracy (IoU=0.7): 0.012500
 -- 340 / 2297 --
mean loss: 18.562012
segmentation accuracy: 0.743246
box IoU (ground/3D): 0.361416 / 0.299384
box estimation accuracy (IoU=0.7): 0.031250
 -- 350 / 2297 --
mean loss: 18.135385
segmentation accuracy: 0.791675
box IoU (ground/3D): 0.369575 / 0.315469
box estimation accuracy (IoU=0.7): 0.028125
 -- 360 / 2297 --
mean loss: 20.382502
segmentation accuracy: 0.786932
box IoU (ground/3D): 0.370193 / 0.312210
box estimation accuracy (IoU=0.7): 0.031250
 -- 370 / 2297 --
mean loss: 18.538188
segmentation accuracy: 0.811200
box IoU (ground/3D): 0.363431 / 0.310960
box estimation accuracy (IoU=0.7): 0.040625
 -- 380 / 2297 --
mean loss: 19.595319
segmentation accuracy: 0.789111
box IoU (ground/3D): 0.366055 / 0.317474
box estimation accuracy (IoU=0.7): 0.040625
 -- 390 / 2297 --
mean loss: 21.771885
segmentation accuracy: 0.804404
box IoU (ground/3D): 0.344928 / 0.296995
box estimation accuracy (IoU=0.7): 0.034375
 -- 400 / 2297 --
mean loss: 14.589900
segmentation accuracy: 0.801569
box IoU (ground/3D): 0.393541 / 0.334241
box estimation accuracy (IoU=0.7): 0.043750
 -- 410 / 2297 --
mean loss: 15.069414
segmentation accuracy: 0.798495
box IoU (ground/3D): 0.407427 / 0.344651
box estimation accuracy (IoU=0.7): 0.028125
 -- 420 / 2297 --
mean loss: 16.348422
segmentation accuracy: 0.785220
box IoU (ground/3D): 0.391445 / 0.331457
box estimation accuracy (IoU=0.7): 0.046875
 -- 430 / 2297 --
mean loss: 15.137537
segmentation accuracy: 0.804745
box IoU (ground/3D): 0.417171 / 0.358873
box estimation accuracy (IoU=0.7): 0.071875
 -- 440 / 2297 --
mean loss: 14.461289
segmentation accuracy: 0.813861
box IoU (ground/3D): 0.391785 / 0.340470
box estimation accuracy (IoU=0.7): 0.046875
 -- 450 / 2297 --
mean loss: 15.954754
segmentation accuracy: 0.798398
box IoU (ground/3D): 0.394213 / 0.343197
box estimation accuracy (IoU=0.7): 0.056250
 -- 460 / 2297 --
mean loss: 18.822193
segmentation accuracy: 0.801242
box IoU (ground/3D): 0.420762 / 0.362597
box estimation accuracy (IoU=0.7): 0.093750
 -- 470 / 2297 --
mean loss: 20.163116
segmentation accuracy: 0.804657
box IoU (ground/3D): 0.357175 / 0.303458
box estimation accuracy (IoU=0.7): 0.012500
 -- 480 / 2297 --
mean loss: 18.106426
segmentation accuracy: 0.797537
box IoU (ground/3D): 0.376557 / 0.318693
box estimation accuracy (IoU=0.7): 0.025000
 -- 490 / 2297 --
mean loss: 15.801820
segmentation accuracy: 0.796924
box IoU (ground/3D): 0.390960 / 0.337122
box estimation accuracy (IoU=0.7): 0.062500
 -- 500 / 2297 --
mean loss: 15.820232
segmentation accuracy: 0.818677
box IoU (ground/3D): 0.424109 / 0.365209
box estimation accuracy (IoU=0.7): 0.068750
 -- 510 / 2297 --
mean loss: 13.416230
segmentation accuracy: 0.818585
box IoU (ground/3D): 0.424984 / 0.374340
box estimation accuracy (IoU=0.7): 0.071875
 -- 520 / 2297 --
mean loss: 16.766835
segmentation accuracy: 0.808328
box IoU (ground/3D): 0.432216 / 0.371122
box estimation accuracy (IoU=0.7): 0.065625
 -- 530 / 2297 --
mean loss: 15.708066
segmentation accuracy: 0.804886
box IoU (ground/3D): 0.400466 / 0.346011
box estimation accuracy (IoU=0.7): 0.053125
 -- 540 / 2297 --
mean loss: 15.232762
segmentation accuracy: 0.809991
box IoU (ground/3D): 0.391829 / 0.336010
box estimation accuracy (IoU=0.7): 0.046875
 -- 550 / 2297 --
mean loss: 16.538854
segmentation accuracy: 0.813632
box IoU (ground/3D): 0.401805 / 0.352532
box estimation accuracy (IoU=0.7): 0.071875
 -- 560 / 2297 --
mean loss: 15.004163
segmentation accuracy: 0.819879
box IoU (ground/3D): 0.401527 / 0.348236
box estimation accuracy (IoU=0.7): 0.075000
 -- 570 / 2297 --
mean loss: 15.275579
segmentation accuracy: 0.821027
box IoU (ground/3D): 0.413991 / 0.362237
box estimation accuracy (IoU=0.7): 0.056250
 -- 580 / 2297 --
mean loss: 14.619083
segmentation accuracy: 0.803433
box IoU (ground/3D): 0.410990 / 0.359710
box estimation accuracy (IoU=0.7): 0.065625
 -- 590 / 2297 --
mean loss: 13.932742
segmentation accuracy: 0.827191
box IoU (ground/3D): 0.463825 / 0.405951
box estimation accuracy (IoU=0.7): 0.118750
 -- 600 / 2297 --
mean loss: 16.900559
segmentation accuracy: 0.824631
box IoU (ground/3D): 0.431727 / 0.377063
box estimation accuracy (IoU=0.7): 0.062500
 -- 610 / 2297 --
mean loss: 12.784620
segmentation accuracy: 0.819733
box IoU (ground/3D): 0.459520 / 0.396808
box estimation accuracy (IoU=0.7): 0.112500
 -- 620 / 2297 --
mean loss: 13.143494
segmentation accuracy: 0.822986
box IoU (ground/3D): 0.436727 / 0.380595
box estimation accuracy (IoU=0.7): 0.043750
 -- 630 / 2297 --
mean loss: 15.549589
segmentation accuracy: 0.831808
box IoU (ground/3D): 0.420449 / 0.368718
box estimation accuracy (IoU=0.7): 0.065625
 -- 640 / 2297 --
mean loss: 13.871910
segmentation accuracy: 0.831784
box IoU (ground/3D): 0.456844 / 0.405016
box estimation accuracy (IoU=0.7): 0.137500
 -- 650 / 2297 --
mean loss: 13.304922
segmentation accuracy: 0.851337
box IoU (ground/3D): 0.443517 / 0.393360
box estimation accuracy (IoU=0.7): 0.093750
 -- 660 / 2297 --
mean loss: 18.551266
segmentation accuracy: 0.815152
box IoU (ground/3D): 0.417246 / 0.367897
box estimation accuracy (IoU=0.7): 0.071875
 -- 670 / 2297 --
mean loss: 13.880318
segmentation accuracy: 0.823560
box IoU (ground/3D): 0.451109 / 0.394570
box estimation accuracy (IoU=0.7): 0.050000
 -- 680 / 2297 --
mean loss: 14.807157
segmentation accuracy: 0.843628
box IoU (ground/3D): 0.467644 / 0.406139
box estimation accuracy (IoU=0.7): 0.093750
 -- 690 / 2297 --
mean loss: 15.311974
segmentation accuracy: 0.825632
box IoU (ground/3D): 0.431030 / 0.374163
box estimation accuracy (IoU=0.7): 0.081250
 -- 700 / 2297 --
mean loss: 13.457693
segmentation accuracy: 0.829510
box IoU (ground/3D): 0.445325 / 0.386253
box estimation accuracy (IoU=0.7): 0.075000
 -- 710 / 2297 --
mean loss: 12.280585
segmentation accuracy: 0.834048
box IoU (ground/3D): 0.466866 / 0.409340
box estimation accuracy (IoU=0.7): 0.106250
 -- 720 / 2297 --
mean loss: 13.646171
segmentation accuracy: 0.821783
box IoU (ground/3D): 0.444802 / 0.388928
box estimation accuracy (IoU=0.7): 0.084375
 -- 730 / 2297 --
mean loss: 13.567787
segmentation accuracy: 0.830896
box IoU (ground/3D): 0.448622 / 0.392887
box estimation accuracy (IoU=0.7): 0.071875
 -- 740 / 2297 --
mean loss: 14.126176
segmentation accuracy: 0.820044
box IoU (ground/3D): 0.429111 / 0.379036
box estimation accuracy (IoU=0.7): 0.087500
 -- 750 / 2297 --
mean loss: 15.364470
segmentation accuracy: 0.821188
box IoU (ground/3D): 0.433044 / 0.371095
box estimation accuracy (IoU=0.7): 0.078125
 -- 760 / 2297 --
mean loss: 14.644515
segmentation accuracy: 0.832288
box IoU (ground/3D): 0.432609 / 0.375696
box estimation accuracy (IoU=0.7): 0.075000
 -- 770 / 2297 --
mean loss: 14.177509
segmentation accuracy: 0.841101
box IoU (ground/3D): 0.469595 / 0.408450
box estimation accuracy (IoU=0.7): 0.103125
 -- 780 / 2297 --
mean loss: 16.753354
segmentation accuracy: 0.841321
box IoU (ground/3D): 0.452571 / 0.385360
box estimation accuracy (IoU=0.7): 0.100000
 -- 790 / 2297 --
mean loss: 15.373851
segmentation accuracy: 0.812442
box IoU (ground/3D): 0.410773 / 0.360120
box estimation accuracy (IoU=0.7): 0.075000
 -- 800 / 2297 --
mean loss: 15.926554
segmentation accuracy: 0.831494
box IoU (ground/3D): 0.446866 / 0.394870
box estimation accuracy (IoU=0.7): 0.112500
 -- 810 / 2297 --
mean loss: 16.372724
segmentation accuracy: 0.832739
box IoU (ground/3D): 0.418560 / 0.365716
box estimation accuracy (IoU=0.7): 0.090625
 -- 820 / 2297 --
mean loss: 13.284284
segmentation accuracy: 0.833908
box IoU (ground/3D): 0.462738 / 0.408641
box estimation accuracy (IoU=0.7): 0.087500
 -- 830 / 2297 --
mean loss: 12.463697
segmentation accuracy: 0.813409
box IoU (ground/3D): 0.458589 / 0.401939
box estimation accuracy (IoU=0.7): 0.100000
 -- 840 / 2297 --
mean loss: 14.626075
segmentation accuracy: 0.843369
box IoU (ground/3D): 0.451371 / 0.392951
box estimation accuracy (IoU=0.7): 0.065625
 -- 850 / 2297 --
mean loss: 13.239185
segmentation accuracy: 0.837955
box IoU (ground/3D): 0.457260 / 0.401070
box estimation accuracy (IoU=0.7): 0.090625
 -- 860 / 2297 --
mean loss: 13.443322
segmentation accuracy: 0.841669
box IoU (ground/3D): 0.460800 / 0.405849
box estimation accuracy (IoU=0.7): 0.087500
 -- 870 / 2297 --
mean loss: 14.763305
segmentation accuracy: 0.840753
box IoU (ground/3D): 0.463155 / 0.415835
box estimation accuracy (IoU=0.7): 0.118750
 -- 880 / 2297 --
mean loss: 11.095802
segmentation accuracy: 0.841214
box IoU (ground/3D): 0.448406 / 0.389672
box estimation accuracy (IoU=0.7): 0.053125
 -- 890 / 2297 --
mean loss: 12.989934
segmentation accuracy: 0.842169
box IoU (ground/3D): 0.472223 / 0.408314
box estimation accuracy (IoU=0.7): 0.121875
 -- 900 / 2297 --
mean loss: 12.104432
segmentation accuracy: 0.825830
box IoU (ground/3D): 0.474928 / 0.409379
box estimation accuracy (IoU=0.7): 0.118750
 -- 910 / 2297 --
mean loss: 14.245032
segmentation accuracy: 0.843527
box IoU (ground/3D): 0.487128 / 0.421919
box estimation accuracy (IoU=0.7): 0.084375
 -- 920 / 2297 --
mean loss: 14.076564
segmentation accuracy: 0.841641
box IoU (ground/3D): 0.440065 / 0.377558
box estimation accuracy (IoU=0.7): 0.056250
 -- 930 / 2297 --
mean loss: 13.818445
segmentation accuracy: 0.836444
box IoU (ground/3D): 0.463465 / 0.409436
box estimation accuracy (IoU=0.7): 0.112500
 -- 940 / 2297 --
mean loss: 11.730947
segmentation accuracy: 0.844086
box IoU (ground/3D): 0.465455 / 0.401648
box estimation accuracy (IoU=0.7): 0.059375
 -- 950 / 2297 --
mean loss: 11.801505
segmentation accuracy: 0.841772
box IoU (ground/3D): 0.486951 / 0.425926
box estimation accuracy (IoU=0.7): 0.131250
 -- 960 / 2297 --
mean loss: 13.913244
segmentation accuracy: 0.824713
box IoU (ground/3D): 0.454128 / 0.394144
box estimation accuracy (IoU=0.7): 0.090625
 -- 970 / 2297 --
mean loss: 10.447997
segmentation accuracy: 0.838672
box IoU (ground/3D): 0.493953 / 0.426920
box estimation accuracy (IoU=0.7): 0.131250
 -- 980 / 2297 --
mean loss: 13.176898
segmentation accuracy: 0.836014
box IoU (ground/3D): 0.489096 / 0.435030
box estimation accuracy (IoU=0.7): 0.156250
 -- 990 / 2297 --
mean loss: 11.370634
segmentation accuracy: 0.835486
box IoU (ground/3D): 0.501723 / 0.443130
box estimation accuracy (IoU=0.7): 0.153125
 -- 1000 / 2297 --
mean loss: 13.052458
segmentation accuracy: 0.848590
box IoU (ground/3D): 0.464674 / 0.411253
box estimation accuracy (IoU=0.7): 0.096875
 -- 1010 / 2297 --
mean loss: 13.956094
segmentation accuracy: 0.830011
box IoU (ground/3D): 0.478430 / 0.423375
box estimation accuracy (IoU=0.7): 0.112500
 -- 1020 / 2297 --
mean loss: 14.954381
segmentation accuracy: 0.814734
box IoU (ground/3D): 0.446516 / 0.394550
box estimation accuracy (IoU=0.7): 0.109375
 -- 1030 / 2297 --
mean loss: 15.071729
segmentation accuracy: 0.816623
box IoU (ground/3D): 0.446983 / 0.388454
box estimation accuracy (IoU=0.7): 0.078125
 -- 1040 / 2297 --
mean loss: 14.687080
segmentation accuracy: 0.833884
box IoU (ground/3D): 0.437366 / 0.379096
box estimation accuracy (IoU=0.7): 0.100000
 -- 1050 / 2297 --
mean loss: 14.260004
segmentation accuracy: 0.832681
box IoU (ground/3D): 0.476985 / 0.418082
box estimation accuracy (IoU=0.7): 0.106250
 -- 1060 / 2297 --
mean loss: 14.080019
segmentation accuracy: 0.842981
box IoU (ground/3D): 0.464323 / 0.404210
box estimation accuracy (IoU=0.7): 0.059375
 -- 1070 / 2297 --
mean loss: 14.567889
segmentation accuracy: 0.842776
box IoU (ground/3D): 0.448765 / 0.392581
box estimation accuracy (IoU=0.7): 0.062500
 -- 1080 / 2297 --
mean loss: 12.491217
segmentation accuracy: 0.842535
box IoU (ground/3D): 0.476730 / 0.426524
box estimation accuracy (IoU=0.7): 0.153125
 -- 1090 / 2297 --
mean loss: 15.349162
segmentation accuracy: 0.847235
box IoU (ground/3D): 0.483329 / 0.427399
box estimation accuracy (IoU=0.7): 0.143750
 -- 1100 / 2297 --
mean loss: 11.348246
segmentation accuracy: 0.850348
box IoU (ground/3D): 0.502757 / 0.445902
box estimation accuracy (IoU=0.7): 0.196875
 -- 1110 / 2297 --
mean loss: 12.111826
segmentation accuracy: 0.859555
box IoU (ground/3D): 0.492853 / 0.431570
box estimation accuracy (IoU=0.7): 0.096875
 -- 1120 / 2297 --
mean loss: 12.125780
segmentation accuracy: 0.841254
box IoU (ground/3D): 0.479047 / 0.424431
box estimation accuracy (IoU=0.7): 0.131250
 -- 1130 / 2297 --
mean loss: 12.646786
segmentation accuracy: 0.843497
box IoU (ground/3D): 0.454337 / 0.399447
box estimation accuracy (IoU=0.7): 0.109375
 -- 1140 / 2297 --
mean loss: 11.967751
segmentation accuracy: 0.846521
box IoU (ground/3D): 0.488231 / 0.429688
box estimation accuracy (IoU=0.7): 0.125000
 -- 1150 / 2297 --
mean loss: 10.712819
segmentation accuracy: 0.845041
box IoU (ground/3D): 0.496291 / 0.436349
box estimation accuracy (IoU=0.7): 0.115625
 -- 1160 / 2297 --
mean loss: 10.397411
segmentation accuracy: 0.845517
box IoU (ground/3D): 0.518441 / 0.454018
box estimation accuracy (IoU=0.7): 0.131250
 -- 1170 / 2297 --
mean loss: 12.171895
segmentation accuracy: 0.847183
box IoU (ground/3D): 0.471800 / 0.418385
box estimation accuracy (IoU=0.7): 0.146875
 -- 1180 / 2297 --
mean loss: 12.673640
segmentation accuracy: 0.847272
box IoU (ground/3D): 0.489946 / 0.436379
box estimation accuracy (IoU=0.7): 0.146875
 -- 1190 / 2297 --
mean loss: 12.371406
segmentation accuracy: 0.838681
box IoU (ground/3D): 0.500044 / 0.441792
box estimation accuracy (IoU=0.7): 0.153125
 -- 1200 / 2297 --
mean loss: 15.538279
segmentation accuracy: 0.866101
box IoU (ground/3D): 0.476849 / 0.416370
box estimation accuracy (IoU=0.7): 0.121875
 -- 1210 / 2297 --
mean loss: 12.383451
segmentation accuracy: 0.838840
box IoU (ground/3D): 0.488099 / 0.426393
box estimation accuracy (IoU=0.7): 0.118750
 -- 1220 / 2297 --
mean loss: 11.254173
segmentation accuracy: 0.846582
box IoU (ground/3D): 0.508710 / 0.446192
box estimation accuracy (IoU=0.7): 0.137500
 -- 1230 / 2297 --
mean loss: 12.541924
segmentation accuracy: 0.840051
box IoU (ground/3D): 0.487861 / 0.430280
box estimation accuracy (IoU=0.7): 0.137500
 -- 1240 / 2297 --
mean loss: 14.465732
segmentation accuracy: 0.843390
box IoU (ground/3D): 0.483834 / 0.431409
box estimation accuracy (IoU=0.7): 0.115625
 -- 1250 / 2297 --
mean loss: 12.094212
segmentation accuracy: 0.857233
box IoU (ground/3D): 0.489137 / 0.438228
box estimation accuracy (IoU=0.7): 0.159375
 -- 1260 / 2297 --
mean loss: 11.202354
segmentation accuracy: 0.850845
box IoU (ground/3D): 0.508337 / 0.455521
box estimation accuracy (IoU=0.7): 0.168750
 -- 1270 / 2297 --
mean loss: 10.862327
segmentation accuracy: 0.868622
box IoU (ground/3D): 0.521384 / 0.463975
box estimation accuracy (IoU=0.7): 0.171875
 -- 1280 / 2297 --
mean loss: 10.677867
segmentation accuracy: 0.845465
box IoU (ground/3D): 0.522333 / 0.462972
box estimation accuracy (IoU=0.7): 0.206250
 -- 1290 / 2297 --
mean loss: 11.410733
segmentation accuracy: 0.849472
box IoU (ground/3D): 0.505780 / 0.446734
box estimation accuracy (IoU=0.7): 0.175000
 -- 1300 / 2297 --
mean loss: 14.143232
segmentation accuracy: 0.845383
box IoU (ground/3D): 0.489256 / 0.433947
box estimation accuracy (IoU=0.7): 0.140625
 -- 1310 / 2297 --
mean loss: 11.351800
segmentation accuracy: 0.860806
box IoU (ground/3D): 0.494627 / 0.436361
box estimation accuracy (IoU=0.7): 0.106250
 -- 1320 / 2297 --
mean loss: 14.172698
segmentation accuracy: 0.838373
box IoU (ground/3D): 0.469988 / 0.421930
box estimation accuracy (IoU=0.7): 0.096875
 -- 1330 / 2297 --
mean loss: 13.430061
segmentation accuracy: 0.843033
box IoU (ground/3D): 0.493523 / 0.444774
box estimation accuracy (IoU=0.7): 0.175000
 -- 1340 / 2297 --
mean loss: 12.324425
segmentation accuracy: 0.854794
box IoU (ground/3D): 0.439562 / 0.390374
box estimation accuracy (IoU=0.7): 0.043750
 -- 1350 / 2297 --
mean loss: 13.833095
segmentation accuracy: 0.845218
box IoU (ground/3D): 0.486771 / 0.432383
box estimation accuracy (IoU=0.7): 0.137500
 -- 1360 / 2297 --
mean loss: 12.585476
segmentation accuracy: 0.832562
box IoU (ground/3D): 0.473562 / 0.417410
box estimation accuracy (IoU=0.7): 0.100000
 -- 1370 / 2297 --
mean loss: 11.879518
segmentation accuracy: 0.839252
box IoU (ground/3D): 0.520575 / 0.456524
box estimation accuracy (IoU=0.7): 0.181250
 -- 1380 / 2297 --
mean loss: 12.421840
segmentation accuracy: 0.844711
box IoU (ground/3D): 0.502811 / 0.438947
box estimation accuracy (IoU=0.7): 0.115625
 -- 1390 / 2297 --
mean loss: 10.207285
segmentation accuracy: 0.845172
box IoU (ground/3D): 0.504052 / 0.436848
box estimation accuracy (IoU=0.7): 0.128125
 -- 1400 / 2297 --
mean loss: 17.754844
segmentation accuracy: 0.831378
box IoU (ground/3D): 0.479030 / 0.421734
box estimation accuracy (IoU=0.7): 0.118750
 -- 1410 / 2297 --
mean loss: 11.502563
segmentation accuracy: 0.849246
box IoU (ground/3D): 0.480033 / 0.422179
box estimation accuracy (IoU=0.7): 0.140625
 -- 1420 / 2297 --
mean loss: 11.254470
segmentation accuracy: 0.853705
box IoU (ground/3D): 0.495435 / 0.436734
box estimation accuracy (IoU=0.7): 0.150000
 -- 1430 / 2297 --
mean loss: 12.907273
segmentation accuracy: 0.856720
box IoU (ground/3D): 0.476239 / 0.424060
box estimation accuracy (IoU=0.7): 0.115625
 -- 1440 / 2297 --
mean loss: 11.267087
segmentation accuracy: 0.854208
box IoU (ground/3D): 0.490381 / 0.440397
box estimation accuracy (IoU=0.7): 0.125000
 -- 1450 / 2297 --
mean loss: 11.538763
segmentation accuracy: 0.859241
box IoU (ground/3D): 0.493147 / 0.440120
box estimation accuracy (IoU=0.7): 0.150000
 -- 1460 / 2297 --
mean loss: 11.085820
segmentation accuracy: 0.860446
box IoU (ground/3D): 0.521191 / 0.460342
box estimation accuracy (IoU=0.7): 0.115625
 -- 1470 / 2297 --
mean loss: 10.821595
segmentation accuracy: 0.855127
box IoU (ground/3D): 0.488495 / 0.433376
box estimation accuracy (IoU=0.7): 0.146875
 -- 1480 / 2297 --
mean loss: 13.813451
segmentation accuracy: 0.859869
box IoU (ground/3D): 0.484130 / 0.428968
box estimation accuracy (IoU=0.7): 0.150000
 -- 1490 / 2297 --
mean loss: 10.138288
segmentation accuracy: 0.855807
box IoU (ground/3D): 0.537077 / 0.472682
box estimation accuracy (IoU=0.7): 0.193750
 -- 1500 / 2297 --
mean loss: 11.979110
segmentation accuracy: 0.851666
box IoU (ground/3D): 0.539545 / 0.484176
box estimation accuracy (IoU=0.7): 0.212500
 -- 1510 / 2297 --
mean loss: 11.775951
segmentation accuracy: 0.857211
box IoU (ground/3D): 0.524404 / 0.470209
box estimation accuracy (IoU=0.7): 0.193750
 -- 1520 / 2297 --
mean loss: 13.013683
segmentation accuracy: 0.871301
box IoU (ground/3D): 0.515293 / 0.461858
box estimation accuracy (IoU=0.7): 0.212500
 -- 1530 / 2297 --
mean loss: 10.444563
segmentation accuracy: 0.857724
box IoU (ground/3D): 0.498733 / 0.444096
box estimation accuracy (IoU=0.7): 0.146875
 -- 1540 / 2297 --
mean loss: 13.789543
segmentation accuracy: 0.850558
box IoU (ground/3D): 0.491462 / 0.437044
box estimation accuracy (IoU=0.7): 0.143750
 -- 1550 / 2297 --
mean loss: 8.879836
segmentation accuracy: 0.856747
box IoU (ground/3D): 0.555636 / 0.498260
box estimation accuracy (IoU=0.7): 0.240625
 -- 1560 / 2297 --
mean loss: 10.641130
segmentation accuracy: 0.850058
box IoU (ground/3D): 0.514758 / 0.458304
box estimation accuracy (IoU=0.7): 0.181250
 -- 1570 / 2297 --
mean loss: 9.775854
segmentation accuracy: 0.853275
box IoU (ground/3D): 0.511570 / 0.454958
box estimation accuracy (IoU=0.7): 0.196875
 -- 1580 / 2297 --
mean loss: 11.492354
segmentation accuracy: 0.863229
box IoU (ground/3D): 0.523578 / 0.460709
box estimation accuracy (IoU=0.7): 0.137500
 -- 1590 / 2297 --
mean loss: 11.352469
segmentation accuracy: 0.836475
box IoU (ground/3D): 0.487684 / 0.435703
box estimation accuracy (IoU=0.7): 0.190625
 -- 1600 / 2297 --
mean loss: 11.453657
segmentation accuracy: 0.847705
box IoU (ground/3D): 0.489742 / 0.440595
box estimation accuracy (IoU=0.7): 0.156250
 -- 1610 / 2297 --
mean loss: 13.174886
segmentation accuracy: 0.845145
box IoU (ground/3D): 0.502593 / 0.447242
box estimation accuracy (IoU=0.7): 0.168750
 -- 1620 / 2297 --
mean loss: 11.977409
segmentation accuracy: 0.835141
box IoU (ground/3D): 0.486552 / 0.438175
box estimation accuracy (IoU=0.7): 0.200000
 -- 1630 / 2297 --
mean loss: 12.012558
segmentation accuracy: 0.855814
box IoU (ground/3D): 0.519260 / 0.466607
box estimation accuracy (IoU=0.7): 0.178125
 -- 1640 / 2297 --
mean loss: 10.435965
segmentation accuracy: 0.853400
box IoU (ground/3D): 0.528183 / 0.472546
box estimation accuracy (IoU=0.7): 0.221875
 -- 1650 / 2297 --
mean loss: 13.596689
segmentation accuracy: 0.866354
box IoU (ground/3D): 0.474757 / 0.424084
box estimation accuracy (IoU=0.7): 0.159375
 -- 1660 / 2297 --
mean loss: 8.564618
segmentation accuracy: 0.860498
box IoU (ground/3D): 0.516275 / 0.460439
box estimation accuracy (IoU=0.7): 0.153125
 -- 1670 / 2297 --
mean loss: 12.689973
segmentation accuracy: 0.853531
box IoU (ground/3D): 0.497470 / 0.446005
box estimation accuracy (IoU=0.7): 0.146875
 -- 1680 / 2297 --
mean loss: 10.395672
segmentation accuracy: 0.842465
box IoU (ground/3D): 0.488925 / 0.425336
box estimation accuracy (IoU=0.7): 0.106250
 -- 1690 / 2297 --
mean loss: 11.992035
segmentation accuracy: 0.853635
box IoU (ground/3D): 0.500036 / 0.448146
box estimation accuracy (IoU=0.7): 0.184375
 -- 1700 / 2297 --
mean loss: 9.338573
segmentation accuracy: 0.845459
box IoU (ground/3D): 0.538681 / 0.477904
box estimation accuracy (IoU=0.7): 0.165625
 -- 1710 / 2297 --
mean loss: 10.840916
segmentation accuracy: 0.850769
box IoU (ground/3D): 0.517075 / 0.458469
box estimation accuracy (IoU=0.7): 0.137500
 -- 1720 / 2297 --
mean loss: 10.414962
segmentation accuracy: 0.864288
box IoU (ground/3D): 0.514570 / 0.455688
box estimation accuracy (IoU=0.7): 0.156250
 -- 1730 / 2297 --
mean loss: 11.876010
segmentation accuracy: 0.857166
box IoU (ground/3D): 0.524712 / 0.463909
box estimation accuracy (IoU=0.7): 0.159375
 -- 1740 / 2297 --
mean loss: 10.272849
segmentation accuracy: 0.848535
box IoU (ground/3D): 0.524969 / 0.468440
box estimation accuracy (IoU=0.7): 0.140625
 -- 1750 / 2297 --
mean loss: 11.853928
segmentation accuracy: 0.841425
box IoU (ground/3D): 0.516454 / 0.461983
box estimation accuracy (IoU=0.7): 0.171875
 -- 1760 / 2297 --
mean loss: 11.418050
segmentation accuracy: 0.858542
box IoU (ground/3D): 0.526729 / 0.464810
box estimation accuracy (IoU=0.7): 0.156250
 -- 1770 / 2297 --
mean loss: 8.719075
segmentation accuracy: 0.856631
box IoU (ground/3D): 0.526304 / 0.459680
box estimation accuracy (IoU=0.7): 0.171875
 -- 1780 / 2297 --
mean loss: 10.960484
segmentation accuracy: 0.862015
box IoU (ground/3D): 0.532758 / 0.480073
box estimation accuracy (IoU=0.7): 0.225000
 -- 1790 / 2297 --
mean loss: 9.238786
segmentation accuracy: 0.861826
box IoU (ground/3D): 0.546441 / 0.488552
box estimation accuracy (IoU=0.7): 0.246875
 -- 1800 / 2297 --
mean loss: 10.095530
segmentation accuracy: 0.867194
box IoU (ground/3D): 0.543854 / 0.486112
box estimation accuracy (IoU=0.7): 0.215625
 -- 1810 / 2297 --
mean loss: 13.497129
segmentation accuracy: 0.849808
box IoU (ground/3D): 0.509311 / 0.459354
box estimation accuracy (IoU=0.7): 0.203125
 -- 1820 / 2297 --
mean loss: 9.921341
segmentation accuracy: 0.877802
box IoU (ground/3D): 0.537092 / 0.480227
box estimation accuracy (IoU=0.7): 0.178125
 -- 1830 / 2297 --
mean loss: 11.905950
segmentation accuracy: 0.850351
box IoU (ground/3D): 0.529407 / 0.466935
box estimation accuracy (IoU=0.7): 0.190625
 -- 1840 / 2297 --
mean loss: 10.257234
segmentation accuracy: 0.851205
box IoU (ground/3D): 0.539337 / 0.483854
box estimation accuracy (IoU=0.7): 0.231250
 -- 1850 / 2297 --
mean loss: 11.864523
segmentation accuracy: 0.859320
box IoU (ground/3D): 0.516086 / 0.464237
box estimation accuracy (IoU=0.7): 0.153125
 -- 1860 / 2297 --
mean loss: 12.785551
segmentation accuracy: 0.840717
box IoU (ground/3D): 0.504904 / 0.451180
box estimation accuracy (IoU=0.7): 0.162500
 -- 1870 / 2297 --
mean loss: 10.925060
segmentation accuracy: 0.863953
box IoU (ground/3D): 0.521308 / 0.471596
box estimation accuracy (IoU=0.7): 0.184375
 -- 1880 / 2297 --
mean loss: 10.963564
segmentation accuracy: 0.849252
box IoU (ground/3D): 0.523029 / 0.470887
box estimation accuracy (IoU=0.7): 0.212500
 -- 1890 / 2297 --
mean loss: 10.691528
segmentation accuracy: 0.860086
box IoU (ground/3D): 0.502110 / 0.450091
box estimation accuracy (IoU=0.7): 0.196875
 -- 1900 / 2297 --
mean loss: 13.244680
segmentation accuracy: 0.851285
box IoU (ground/3D): 0.480630 / 0.425770
box estimation accuracy (IoU=0.7): 0.137500
 -- 1910 / 2297 --
mean loss: 15.782036
segmentation accuracy: 0.854422
box IoU (ground/3D): 0.488315 / 0.435490
box estimation accuracy (IoU=0.7): 0.112500
 -- 1920 / 2297 --
mean loss: 13.701674
segmentation accuracy: 0.854108
box IoU (ground/3D): 0.501461 / 0.442599
box estimation accuracy (IoU=0.7): 0.131250
 -- 1930 / 2297 --
mean loss: 11.177815
segmentation accuracy: 0.854724
box IoU (ground/3D): 0.513898 / 0.455438
box estimation accuracy (IoU=0.7): 0.150000
 -- 1940 / 2297 --
mean loss: 11.851881
segmentation accuracy: 0.850290
box IoU (ground/3D): 0.493844 / 0.433571
box estimation accuracy (IoU=0.7): 0.156250
 -- 1950 / 2297 --
mean loss: 9.480320
segmentation accuracy: 0.846179
box IoU (ground/3D): 0.513929 / 0.457517
box estimation accuracy (IoU=0.7): 0.187500
 -- 1960 / 2297 --
mean loss: 10.106053
segmentation accuracy: 0.839093
box IoU (ground/3D): 0.524656 / 0.467854
box estimation accuracy (IoU=0.7): 0.200000
 -- 1970 / 2297 --
mean loss: 11.265756
segmentation accuracy: 0.854990
box IoU (ground/3D): 0.531794 / 0.470257
box estimation accuracy (IoU=0.7): 0.150000
 -- 1980 / 2297 --
mean loss: 12.229185
segmentation accuracy: 0.849927
box IoU (ground/3D): 0.540511 / 0.481590
box estimation accuracy (IoU=0.7): 0.193750
 -- 1990 / 2297 --
mean loss: 12.372689
segmentation accuracy: 0.846210
box IoU (ground/3D): 0.510024 / 0.454741
box estimation accuracy (IoU=0.7): 0.156250
 -- 2000 / 2297 --
mean loss: 11.570500
segmentation accuracy: 0.852438
box IoU (ground/3D): 0.555134 / 0.494026
box estimation accuracy (IoU=0.7): 0.209375
 -- 2010 / 2297 --
mean loss: 10.790042
segmentation accuracy: 0.843652
box IoU (ground/3D): 0.520193 / 0.465106
box estimation accuracy (IoU=0.7): 0.190625
 -- 2020 / 2297 --
mean loss: 10.071859
segmentation accuracy: 0.860989
box IoU (ground/3D): 0.560265 / 0.496930
box estimation accuracy (IoU=0.7): 0.196875
 -- 2030 / 2297 --
mean loss: 10.760262
segmentation accuracy: 0.861243
box IoU (ground/3D): 0.536762 / 0.478259
box estimation accuracy (IoU=0.7): 0.184375
 -- 2040 / 2297 --
mean loss: 11.835008
segmentation accuracy: 0.846603
box IoU (ground/3D): 0.488130 / 0.438626
box estimation accuracy (IoU=0.7): 0.153125
 -- 2050 / 2297 --
mean loss: 9.355955
segmentation accuracy: 0.863834
box IoU (ground/3D): 0.546906 / 0.489859
box estimation accuracy (IoU=0.7): 0.243750
 -- 2060 / 2297 --
mean loss: 9.989066
segmentation accuracy: 0.843756
box IoU (ground/3D): 0.530272 / 0.472274
box estimation accuracy (IoU=0.7): 0.221875
 -- 2070 / 2297 --
mean loss: 9.414875
segmentation accuracy: 0.861887
box IoU (ground/3D): 0.554004 / 0.493920
box estimation accuracy (IoU=0.7): 0.209375
 -- 2080 / 2297 --
mean loss: 9.339362
segmentation accuracy: 0.873215
box IoU (ground/3D): 0.563152 / 0.500548
box estimation accuracy (IoU=0.7): 0.212500
 -- 2090 / 2297 --
mean loss: 12.702746
segmentation accuracy: 0.867459
box IoU (ground/3D): 0.541765 / 0.480840
box estimation accuracy (IoU=0.7): 0.178125
 -- 2100 / 2297 --
mean loss: 12.061553
segmentation accuracy: 0.865692
box IoU (ground/3D): 0.529872 / 0.478331
box estimation accuracy (IoU=0.7): 0.228125
 -- 2110 / 2297 --
mean loss: 8.622836
segmentation accuracy: 0.875912
box IoU (ground/3D): 0.554879 / 0.497851
box estimation accuracy (IoU=0.7): 0.253125
 -- 2120 / 2297 --
mean loss: 9.392715
segmentation accuracy: 0.863846
box IoU (ground/3D): 0.544217 / 0.488824
box estimation accuracy (IoU=0.7): 0.240625
 -- 2130 / 2297 --
mean loss: 11.765969
segmentation accuracy: 0.869818
box IoU (ground/3D): 0.519453 / 0.466742
box estimation accuracy (IoU=0.7): 0.168750
 -- 2140 / 2297 --
mean loss: 10.826518
segmentation accuracy: 0.871497
box IoU (ground/3D): 0.529385 / 0.475149
box estimation accuracy (IoU=0.7): 0.184375
 -- 2150 / 2297 --
mean loss: 9.017198
segmentation accuracy: 0.866275
box IoU (ground/3D): 0.559440 / 0.501408
box estimation accuracy (IoU=0.7): 0.268750
 -- 2160 / 2297 --
mean loss: 9.879536
segmentation accuracy: 0.862604
box IoU (ground/3D): 0.562934 / 0.500967
box estimation accuracy (IoU=0.7): 0.234375
 -- 2170 / 2297 --
mean loss: 11.298103
segmentation accuracy: 0.858566
box IoU (ground/3D): 0.531278 / 0.469755
box estimation accuracy (IoU=0.7): 0.175000
 -- 2180 / 2297 --
mean loss: 9.826272
segmentation accuracy: 0.844400
box IoU (ground/3D): 0.531041 / 0.469216
box estimation accuracy (IoU=0.7): 0.134375
 -- 2190 / 2297 --
mean loss: 8.780876
segmentation accuracy: 0.875793
box IoU (ground/3D): 0.569630 / 0.501558
box estimation accuracy (IoU=0.7): 0.225000
 -- 2200 / 2297 --
mean loss: 9.481255
segmentation accuracy: 0.857217
box IoU (ground/3D): 0.562091 / 0.502059
box estimation accuracy (IoU=0.7): 0.256250
 -- 2210 / 2297 --
mean loss: 12.505174
segmentation accuracy: 0.860239
box IoU (ground/3D): 0.532054 / 0.475985
box estimation accuracy (IoU=0.7): 0.184375
 -- 2220 / 2297 --
mean loss: 10.877820
segmentation accuracy: 0.860150
box IoU (ground/3D): 0.534464 / 0.466527
box estimation accuracy (IoU=0.7): 0.181250
 -- 2230 / 2297 --
mean loss: 9.319906
segmentation accuracy: 0.855225
box IoU (ground/3D): 0.561658 / 0.499270
box estimation accuracy (IoU=0.7): 0.231250
 -- 2240 / 2297 --
mean loss: 11.884300
segmentation accuracy: 0.856149
box IoU (ground/3D): 0.502888 / 0.447848
box estimation accuracy (IoU=0.7): 0.196875
 -- 2250 / 2297 --
mean loss: 9.907853
segmentation accuracy: 0.861191
box IoU (ground/3D): 0.535060 / 0.482783
box estimation accuracy (IoU=0.7): 0.193750
 -- 2260 / 2297 --
mean loss: 11.394880
segmentation accuracy: 0.877887
box IoU (ground/3D): 0.535290 / 0.468216
box estimation accuracy (IoU=0.7): 0.187500
 -- 2270 / 2297 --
mean loss: 13.042456
segmentation accuracy: 0.845319
box IoU (ground/3D): 0.497629 / 0.435351
box estimation accuracy (IoU=0.7): 0.112500
 -- 2280 / 2297 --
mean loss: 9.692269
segmentation accuracy: 0.865625
box IoU (ground/3D): 0.543307 / 0.485726
box estimation accuracy (IoU=0.7): 0.243750
 -- 2290 / 2297 --
mean loss: 9.552184
segmentation accuracy: 0.857556
box IoU (ground/3D): 0.550164 / 0.493650
box estimation accuracy (IoU=0.7): 0.231250
2018-10-26 01:21:02.336373
---- EPOCH 000 EVALUATION ----
eval mean loss: 10.620581
eval segmentation accuracy: 0.862587
eval segmentation avg class acc: 0.863407
eval box IoU (ground/3D): 0.511125 / 0.458496
eval box estimation accuracy (IoU=0.7): 0.141620
Model saved in file: train/log_v1/model.ckpt
**** EPOCH 001 ****
2018-10-26 02:02:42.767178
 -- 010 / 2297 --
mean loss: 9.448607
segmentation accuracy: 0.864908
box IoU (ground/3D): 0.566486 / 0.504569
box estimation accuracy (IoU=0.7): 0.206250
 -- 020 / 2297 --
mean loss: 11.902446
segmentation accuracy: 0.853903
box IoU (ground/3D): 0.525796 / 0.472271
box estimation accuracy (IoU=0.7): 0.209375
 -- 030 / 2297 --
mean loss: 9.914778
segmentation accuracy: 0.861420
box IoU (ground/3D): 0.540664 / 0.478632
box estimation accuracy (IoU=0.7): 0.196875
 -- 040 / 2297 --
mean loss: 11.641123
segmentation accuracy: 0.858405
box IoU (ground/3D): 0.534996 / 0.479277
box estimation accuracy (IoU=0.7): 0.184375
 -- 050 / 2297 --
mean loss: 10.751330
segmentation accuracy: 0.873038
box IoU (ground/3D): 0.558422 / 0.503965
box estimation accuracy (IoU=0.7): 0.240625
 -- 060 / 2297 --
mean loss: 11.167576
segmentation accuracy: 0.858640
box IoU (ground/3D): 0.577901 / 0.515873
box estimation accuracy (IoU=0.7): 0.259375
 -- 070 / 2297 --
mean loss: 9.132862
segmentation accuracy: 0.865952
box IoU (ground/3D): 0.559189 / 0.508145
box estimation accuracy (IoU=0.7): 0.268750
 -- 080 / 2297 --
mean loss: 10.763177
segmentation accuracy: 0.853720
box IoU (ground/3D): 0.551332 / 0.496634
box estimation accuracy (IoU=0.7): 0.262500
 -- 090 / 2297 --
mean loss: 11.175094
segmentation accuracy: 0.858331
box IoU (ground/3D): 0.541958 / 0.488250
box estimation accuracy (IoU=0.7): 0.218750
 -- 100 / 2297 --
mean loss: 11.656611
segmentation accuracy: 0.855350
box IoU (ground/3D): 0.535122 / 0.478418
box estimation accuracy (IoU=0.7): 0.215625
 -- 110 / 2297 --
mean loss: 9.490752
segmentation accuracy: 0.855136
box IoU (ground/3D): 0.549523 / 0.494181
box estimation accuracy (IoU=0.7): 0.253125
 -- 120 / 2297 --
mean loss: 10.886212
segmentation accuracy: 0.863608
box IoU (ground/3D): 0.535333 / 0.482027
box estimation accuracy (IoU=0.7): 0.228125
 -- 130 / 2297 --
mean loss: 9.209893
segmentation accuracy: 0.880121
box IoU (ground/3D): 0.552863 / 0.491312
box estimation accuracy (IoU=0.7): 0.187500
 -- 140 / 2297 --
mean loss: 9.334910
segmentation accuracy: 0.855664
box IoU (ground/3D): 0.572482 / 0.516435
box estimation accuracy (IoU=0.7): 0.271875
 -- 150 / 2297 --
mean loss: 10.341336
segmentation accuracy: 0.863651
box IoU (ground/3D): 0.566165 / 0.508486
box estimation accuracy (IoU=0.7): 0.250000
 -- 160 / 2297 --
mean loss: 11.362610
segmentation accuracy: 0.850818
box IoU (ground/3D): 0.534444 / 0.481621
box estimation accuracy (IoU=0.7): 0.225000
 -- 170 / 2297 --
mean loss: 11.686057
segmentation accuracy: 0.871771
box IoU (ground/3D): 0.529422 / 0.478114
box estimation accuracy (IoU=0.7): 0.215625
 -- 180 / 2297 --
mean loss: 11.277771
segmentation accuracy: 0.873663
box IoU (ground/3D): 0.534994 / 0.476808
box estimation accuracy (IoU=0.7): 0.171875
 -- 190 / 2297 --
mean loss: 11.442481
segmentation accuracy: 0.861749
box IoU (ground/3D): 0.515908 / 0.454705
box estimation accuracy (IoU=0.7): 0.165625
 -- 200 / 2297 --
mean loss: 10.803344
segmentation accuracy: 0.863538
box IoU (ground/3D): 0.532006 / 0.472215
box estimation accuracy (IoU=0.7): 0.162500
 -- 210 / 2297 --
mean loss: 11.079918
segmentation accuracy: 0.872638
box IoU (ground/3D): 0.533147 / 0.471948
box estimation accuracy (IoU=0.7): 0.215625
 -- 220 / 2297 --
mean loss: 10.308038
segmentation accuracy: 0.878616
box IoU (ground/3D): 0.519103 / 0.461113
box estimation accuracy (IoU=0.7): 0.159375
 -- 230 / 2297 --
mean loss: 11.484185
segmentation accuracy: 0.859869
box IoU (ground/3D): 0.510795 / 0.458095
box estimation accuracy (IoU=0.7): 0.159375
 -- 240 / 2297 --
mean loss: 12.585759
segmentation accuracy: 0.844965
box IoU (ground/3D): 0.510815 / 0.453602
box estimation accuracy (IoU=0.7): 0.193750
 -- 250 / 2297 --
mean loss: 13.413460
segmentation accuracy: 0.846033
box IoU (ground/3D): 0.501204 / 0.446347
box estimation accuracy (IoU=0.7): 0.159375
 -- 260 / 2297 --
mean loss: 9.048804
segmentation accuracy: 0.872986
box IoU (ground/3D): 0.547680 / 0.482506
box estimation accuracy (IoU=0.7): 0.196875
 -- 270 / 2297 --
mean loss: 10.178170
segmentation accuracy: 0.879160
box IoU (ground/3D): 0.556341 / 0.490979
box estimation accuracy (IoU=0.7): 0.209375
 -- 280 / 2297 --
mean loss: 10.386545
segmentation accuracy: 0.861786
box IoU (ground/3D): 0.531742 / 0.475354
box estimation accuracy (IoU=0.7): 0.181250
 -- 290 / 2297 --
mean loss: 9.534072
segmentation accuracy: 0.866742
box IoU (ground/3D): 0.552188 / 0.493591
box estimation accuracy (IoU=0.7): 0.237500
 -- 300 / 2297 --
mean loss: 8.993641
segmentation accuracy: 0.860983
box IoU (ground/3D): 0.554827 / 0.490061
box estimation accuracy (IoU=0.7): 0.196875
 -- 310 / 2297 --
mean loss: 11.874127
segmentation accuracy: 0.860309
box IoU (ground/3D): 0.531095 / 0.476717
box estimation accuracy (IoU=0.7): 0.203125
 -- 320 / 2297 --
mean loss: 10.119851
segmentation accuracy: 0.866440
box IoU (ground/3D): 0.528350 / 0.469541
box estimation accuracy (IoU=0.7): 0.203125
 -- 330 / 2297 --
mean loss: 11.424376
segmentation accuracy: 0.871259
box IoU (ground/3D): 0.574106 / 0.511119
box estimation accuracy (IoU=0.7): 0.225000
 -- 340 / 2297 --
mean loss: 11.346567
segmentation accuracy: 0.853690
box IoU (ground/3D): 0.543979 / 0.483599
box estimation accuracy (IoU=0.7): 0.221875
 -- 350 / 2297 --
mean loss: 10.153299
segmentation accuracy: 0.872379
box IoU (ground/3D): 0.562844 / 0.504200
box estimation accuracy (IoU=0.7): 0.268750
 -- 360 / 2297 --
mean loss: 10.185139
segmentation accuracy: 0.866214
box IoU (ground/3D): 0.573700 / 0.514622
box estimation accuracy (IoU=0.7): 0.259375
 -- 370 / 2297 --
mean loss: 11.217817
segmentation accuracy: 0.862439
box IoU (ground/3D): 0.533180 / 0.475448
box estimation accuracy (IoU=0.7): 0.203125
 -- 380 / 2297 --
mean loss: 9.388001
segmentation accuracy: 0.871954
box IoU (ground/3D): 0.566382 / 0.499289
box estimation accuracy (IoU=0.7): 0.218750
 -- 390 / 2297 --
mean loss: 9.382004
segmentation accuracy: 0.874323
box IoU (ground/3D): 0.566824 / 0.504900
box estimation accuracy (IoU=0.7): 0.212500
 -- 400 / 2297 --
mean loss: 10.435626
segmentation accuracy: 0.868808
box IoU (ground/3D): 0.531109 / 0.469977
box estimation accuracy (IoU=0.7): 0.196875
 -- 410 / 2297 --
mean loss: 10.160284
segmentation accuracy: 0.856235
box IoU (ground/3D): 0.539070 / 0.478185
box estimation accuracy (IoU=0.7): 0.200000
 -- 420 / 2297 --
mean loss: 11.944540
segmentation accuracy: 0.872992
box IoU (ground/3D): 0.537168 / 0.480895
box estimation accuracy (IoU=0.7): 0.187500
 -- 430 / 2297 --
mean loss: 10.859451
segmentation accuracy: 0.862344
box IoU (ground/3D): 0.556218 / 0.490213
box estimation accuracy (IoU=0.7): 0.184375
 -- 440 / 2297 --
mean loss: 8.273517
segmentation accuracy: 0.864658
box IoU (ground/3D): 0.557785 / 0.495296
box estimation accuracy (IoU=0.7): 0.206250
 -- 450 / 2297 --
mean loss: 11.926860
segmentation accuracy: 0.858527
box IoU (ground/3D): 0.554068 / 0.499183
box estimation accuracy (IoU=0.7): 0.212500
 -- 460 / 2297 --
mean loss: 14.599213
segmentation accuracy: 0.869519
box IoU (ground/3D): 0.518537 / 0.460639
box estimation accuracy (IoU=0.7): 0.165625
 -- 470 / 2297 --
mean loss: 9.994237
segmentation accuracy: 0.861679
box IoU (ground/3D): 0.529324 / 0.476566
box estimation accuracy (IoU=0.7): 0.209375
 -- 480 / 2297 --
mean loss: 9.714550
segmentation accuracy: 0.870874
box IoU (ground/3D): 0.569900 / 0.514763
box estimation accuracy (IoU=0.7): 0.231250
 -- 490 / 2297 --
mean loss: 7.885708
segmentation accuracy: 0.867447
box IoU (ground/3D): 0.590612 / 0.528979
box estimation accuracy (IoU=0.7): 0.287500
 -- 500 / 2297 --
mean loss: 9.566036
segmentation accuracy: 0.860272
box IoU (ground/3D): 0.573909 / 0.513683
box estimation accuracy (IoU=0.7): 0.281250
 -- 510 / 2297 --
mean loss: 9.658530
segmentation accuracy: 0.868814
box IoU (ground/3D): 0.583959 / 0.522913
box estimation accuracy (IoU=0.7): 0.262500
 -- 520 / 2297 --
mean loss: 10.735721
segmentation accuracy: 0.851138
box IoU (ground/3D): 0.541700 / 0.486571
box estimation accuracy (IoU=0.7): 0.218750
 -- 530 / 2297 --
mean loss: 11.988058
segmentation accuracy: 0.855280
box IoU (ground/3D): 0.544713 / 0.491054
box estimation accuracy (IoU=0.7): 0.250000
 -- 540 / 2297 --
mean loss: 8.786784
segmentation accuracy: 0.853790
box IoU (ground/3D): 0.555239 / 0.495250
box estimation accuracy (IoU=0.7): 0.231250
 -- 550 / 2297 --
mean loss: 7.955690
segmentation accuracy: 0.867447
box IoU (ground/3D): 0.569289 / 0.506255
box estimation accuracy (IoU=0.7): 0.228125
 -- 560 / 2297 --
mean loss: 10.322487
segmentation accuracy: 0.864972
box IoU (ground/3D): 0.575407 / 0.515572
box estimation accuracy (IoU=0.7): 0.246875
 -- 570 / 2297 --
mean loss: 13.384762
segmentation accuracy: 0.873715
box IoU (ground/3D): 0.541147 / 0.484756
box estimation accuracy (IoU=0.7): 0.200000
 -- 580 / 2297 --
mean loss: 10.055239
segmentation accuracy: 0.858713
box IoU (ground/3D): 0.558936 / 0.503071
box estimation accuracy (IoU=0.7): 0.237500
 -- 590 / 2297 --
mean loss: 9.423302
segmentation accuracy: 0.852844
box IoU (ground/3D): 0.567004 / 0.510968
box estimation accuracy (IoU=0.7): 0.231250
 -- 600 / 2297 --
mean loss: 9.158203
segmentation accuracy: 0.871060
box IoU (ground/3D): 0.545538 / 0.486411
box estimation accuracy (IoU=0.7): 0.206250
 -- 610 / 2297 --
mean loss: 10.385026
segmentation accuracy: 0.873557
box IoU (ground/3D): 0.545220 / 0.489841
box estimation accuracy (IoU=0.7): 0.181250
 -- 620 / 2297 --
mean loss: 11.129114
segmentation accuracy: 0.862305
box IoU (ground/3D): 0.538087 / 0.481375
box estimation accuracy (IoU=0.7): 0.196875
 -- 630 / 2297 --
mean loss: 10.996881
segmentation accuracy: 0.853656
box IoU (ground/3D): 0.538849 / 0.487141
box estimation accuracy (IoU=0.7): 0.221875
 -- 640 / 2297 --
mean loss: 10.440524
segmentation accuracy: 0.855942
box IoU (ground/3D): 0.543334 / 0.490199
box estimation accuracy (IoU=0.7): 0.193750
 -- 650 / 2297 --
mean loss: 10.213038
segmentation accuracy: 0.856781
box IoU (ground/3D): 0.533999 / 0.478666
box estimation accuracy (IoU=0.7): 0.228125
 -- 660 / 2297 --
mean loss: 8.373079
segmentation accuracy: 0.863531
box IoU (ground/3D): 0.575635 / 0.516463
box estimation accuracy (IoU=0.7): 0.265625
 -- 670 / 2297 --
mean loss: 11.790648
segmentation accuracy: 0.859396
box IoU (ground/3D): 0.543616 / 0.485419
box estimation accuracy (IoU=0.7): 0.231250
 -- 680 / 2297 --
mean loss: 9.501644
segmentation accuracy: 0.860126
box IoU (ground/3D): 0.562942 / 0.506512
box estimation accuracy (IoU=0.7): 0.225000
 -- 690 / 2297 --
mean loss: 8.671367
segmentation accuracy: 0.871008
box IoU (ground/3D): 0.575461 / 0.517295
box estimation accuracy (IoU=0.7): 0.259375
 -- 700 / 2297 --
mean loss: 8.295466
segmentation accuracy: 0.865576
box IoU (ground/3D): 0.577518 / 0.515815
box estimation accuracy (IoU=0.7): 0.246875
 -- 710 / 2297 --
mean loss: 7.858553
segmentation accuracy: 0.862411
box IoU (ground/3D): 0.588661 / 0.534231
box estimation accuracy (IoU=0.7): 0.293750
 -- 720 / 2297 --
mean loss: 9.321852
segmentation accuracy: 0.872879
box IoU (ground/3D): 0.569746 / 0.510535
box estimation accuracy (IoU=0.7): 0.262500
 -- 730 / 2297 --
mean loss: 9.883459
segmentation accuracy: 0.847626
box IoU (ground/3D): 0.561585 / 0.504376
box estimation accuracy (IoU=0.7): 0.250000
 -- 740 / 2297 --
mean loss: 8.969785
segmentation accuracy: 0.865323
box IoU (ground/3D): 0.558584 / 0.504686
box estimation accuracy (IoU=0.7): 0.287500
 -- 750 / 2297 --
mean loss: 8.987619
segmentation accuracy: 0.867245
box IoU (ground/3D): 0.551653 / 0.494726
box estimation accuracy (IoU=0.7): 0.203125
 -- 760 / 2297 --
mean loss: 9.252226
segmentation accuracy: 0.863495
box IoU (ground/3D): 0.564054 / 0.503837
box estimation accuracy (IoU=0.7): 0.228125
 -- 770 / 2297 --
mean loss: 11.215669
segmentation accuracy: 0.875613
box IoU (ground/3D): 0.523347 / 0.470055
box estimation accuracy (IoU=0.7): 0.206250
 -- 780 / 2297 --
mean loss: 9.368337
segmentation accuracy: 0.872623
box IoU (ground/3D): 0.561468 / 0.495913
box estimation accuracy (IoU=0.7): 0.203125
 -- 790 / 2297 --
mean loss: 9.315441
segmentation accuracy: 0.864380
box IoU (ground/3D): 0.561825 / 0.503624
box estimation accuracy (IoU=0.7): 0.231250
 -- 800 / 2297 --
mean loss: 8.223676
segmentation accuracy: 0.863464
box IoU (ground/3D): 0.573606 / 0.513852
box estimation accuracy (IoU=0.7): 0.256250
 -- 810 / 2297 --
mean loss: 9.190531
segmentation accuracy: 0.875662
box IoU (ground/3D): 0.558772 / 0.504109
box estimation accuracy (IoU=0.7): 0.259375
 -- 820 / 2297 --
mean loss: 11.621198
segmentation accuracy: 0.871396
box IoU (ground/3D): 0.572402 / 0.513202
box estimation accuracy (IoU=0.7): 0.256250
 -- 830 / 2297 --
mean loss: 8.305810
segmentation accuracy: 0.871317
box IoU (ground/3D): 0.575463 / 0.519311
box estimation accuracy (IoU=0.7): 0.312500
 -- 840 / 2297 --
mean loss: 8.144903
segmentation accuracy: 0.874445
box IoU (ground/3D): 0.553714 / 0.496492
box estimation accuracy (IoU=0.7): 0.215625
 -- 850 / 2297 --
mean loss: 7.954244
segmentation accuracy: 0.869238
box IoU (ground/3D): 0.576873 / 0.517607
box estimation accuracy (IoU=0.7): 0.256250
 -- 860 / 2297 --
mean loss: 13.533332
segmentation accuracy: 0.861484
box IoU (ground/3D): 0.497539 / 0.441814
box estimation accuracy (IoU=0.7): 0.190625
 -- 870 / 2297 --
mean loss: 12.008210
segmentation accuracy: 0.851431
box IoU (ground/3D): 0.523651 / 0.469228
box estimation accuracy (IoU=0.7): 0.196875
 -- 880 / 2297 --
mean loss: 8.628320
segmentation accuracy: 0.854544
box IoU (ground/3D): 0.557945 / 0.500592
box estimation accuracy (IoU=0.7): 0.234375
 -- 890 / 2297 --
mean loss: 11.666452
segmentation accuracy: 0.875104
box IoU (ground/3D): 0.549951 / 0.493957
box estimation accuracy (IoU=0.7): 0.206250
 -- 900 / 2297 --
mean loss: 8.472692
segmentation accuracy: 0.882498
box IoU (ground/3D): 0.592079 / 0.534191
box estimation accuracy (IoU=0.7): 0.243750
 -- 910 / 2297 --
mean loss: 9.209107
segmentation accuracy: 0.877686
box IoU (ground/3D): 0.550306 / 0.493994
box estimation accuracy (IoU=0.7): 0.231250
 -- 920 / 2297 --
mean loss: 10.129914
segmentation accuracy: 0.868161
box IoU (ground/3D): 0.565643 / 0.508806
box estimation accuracy (IoU=0.7): 0.243750
 -- 930 / 2297 --
mean loss: 8.198074
segmentation accuracy: 0.864554
box IoU (ground/3D): 0.600522 / 0.543214
box estimation accuracy (IoU=0.7): 0.312500
 -- 940 / 2297 --
mean loss: 8.854268
segmentation accuracy: 0.867822
box IoU (ground/3D): 0.575534 / 0.522538
box estimation accuracy (IoU=0.7): 0.284375
 -- 950 / 2297 --
mean loss: 8.977470
segmentation accuracy: 0.872531
box IoU (ground/3D): 0.565774 / 0.508800
box estimation accuracy (IoU=0.7): 0.256250
 -- 960 / 2297 --
mean loss: 11.259492
segmentation accuracy: 0.870459
box IoU (ground/3D): 0.563297 / 0.511138
box estimation accuracy (IoU=0.7): 0.290625
 -- 970 / 2297 --
mean loss: 8.998434
segmentation accuracy: 0.883496
box IoU (ground/3D): 0.601607 / 0.536501
box estimation accuracy (IoU=0.7): 0.278125
 -- 980 / 2297 --
mean loss: 10.896591
segmentation accuracy: 0.868970
box IoU (ground/3D): 0.582169 / 0.527832
box estimation accuracy (IoU=0.7): 0.284375
 -- 990 / 2297 --
mean loss: 11.440269
segmentation accuracy: 0.854941
box IoU (ground/3D): 0.534238 / 0.482038
box estimation accuracy (IoU=0.7): 0.250000
 -- 1000 / 2297 --
mean loss: 8.588073
segmentation accuracy: 0.869186
box IoU (ground/3D): 0.572824 / 0.516015
box estimation accuracy (IoU=0.7): 0.221875
 -- 1010 / 2297 --
mean loss: 9.355053
segmentation accuracy: 0.870142
box IoU (ground/3D): 0.580814 / 0.522786
box estimation accuracy (IoU=0.7): 0.240625
 -- 1020 / 2297 --
mean loss: 10.251200
segmentation accuracy: 0.855042
box IoU (ground/3D): 0.526436 / 0.468313
box estimation accuracy (IoU=0.7): 0.150000
 -- 1030 / 2297 --
mean loss: 10.360965
segmentation accuracy: 0.872021
box IoU (ground/3D): 0.586797 / 0.526825
box estimation accuracy (IoU=0.7): 0.240625
 -- 1040 / 2297 --
mean loss: 9.691665
segmentation accuracy: 0.881030
box IoU (ground/3D): 0.565239 / 0.511712
box estimation accuracy (IoU=0.7): 0.265625
 -- 1050 / 2297 --
mean loss: 9.051152
segmentation accuracy: 0.869803
box IoU (ground/3D): 0.559309 / 0.507061
box estimation accuracy (IoU=0.7): 0.300000
 -- 1060 / 2297 --
mean loss: 9.923056
segmentation accuracy: 0.871213
box IoU (ground/3D): 0.583975 / 0.524701
box estimation accuracy (IoU=0.7): 0.268750
 -- 1070 / 2297 --
mean loss: 10.760866
segmentation accuracy: 0.866672
box IoU (ground/3D): 0.559300 / 0.497457
box estimation accuracy (IoU=0.7): 0.228125
 -- 1080 / 2297 --
mean loss: 9.495965
segmentation accuracy: 0.859729
box IoU (ground/3D): 0.534920 / 0.480825
box estimation accuracy (IoU=0.7): 0.240625
 -- 1090 / 2297 --
mean loss: 11.086283
segmentation accuracy: 0.874759
box IoU (ground/3D): 0.555116 / 0.499762
box estimation accuracy (IoU=0.7): 0.228125
 -- 1100 / 2297 --
mean loss: 10.620943
segmentation accuracy: 0.852826
box IoU (ground/3D): 0.570541 / 0.514962
box estimation accuracy (IoU=0.7): 0.268750
 -- 1110 / 2297 --
mean loss: 10.134770
segmentation accuracy: 0.864096
box IoU (ground/3D): 0.568520 / 0.510185
box estimation accuracy (IoU=0.7): 0.237500
 -- 1120 / 2297 --
mean loss: 9.762219
segmentation accuracy: 0.872171
box IoU (ground/3D): 0.578022 / 0.517753
box estimation accuracy (IoU=0.7): 0.250000
 -- 1130 / 2297 --
mean loss: 11.145841
segmentation accuracy: 0.857138
box IoU (ground/3D): 0.555663 / 0.497625
box estimation accuracy (IoU=0.7): 0.215625
 -- 1140 / 2297 --
mean loss: 9.974708
segmentation accuracy: 0.867810
box IoU (ground/3D): 0.548574 / 0.497328
box estimation accuracy (IoU=0.7): 0.268750
 -- 1150 / 2297 --
mean loss: 9.634690
segmentation accuracy: 0.874829
box IoU (ground/3D): 0.561834 / 0.507917
box estimation accuracy (IoU=0.7): 0.234375
 -- 1160 / 2297 --
mean loss: 9.384516
segmentation accuracy: 0.866235
box IoU (ground/3D): 0.542145 / 0.482008
box estimation accuracy (IoU=0.7): 0.237500
 -- 1170 / 2297 --
mean loss: 8.510257
segmentation accuracy: 0.868576
box IoU (ground/3D): 0.583307 / 0.517262
box estimation accuracy (IoU=0.7): 0.256250
 -- 1180 / 2297 --
mean loss: 8.769661
segmentation accuracy: 0.863123
box IoU (ground/3D): 0.569585 / 0.512947
box estimation accuracy (IoU=0.7): 0.253125
 -- 1190 / 2297 --
mean loss: 8.900952
segmentation accuracy: 0.873740
box IoU (ground/3D): 0.587720 / 0.530704
box estimation accuracy (IoU=0.7): 0.287500
 -- 1200 / 2297 --
mean loss: 9.406834
segmentation accuracy: 0.860562
box IoU (ground/3D): 0.573222 / 0.515078
box estimation accuracy (IoU=0.7): 0.268750
 -- 1210 / 2297 --
mean loss: 9.133175
segmentation accuracy: 0.856714
box IoU (ground/3D): 0.567047 / 0.515844
box estimation accuracy (IoU=0.7): 0.315625
 -- 1220 / 2297 --
mean loss: 8.880372
segmentation accuracy: 0.873145
box IoU (ground/3D): 0.584346 / 0.523886
box estimation accuracy (IoU=0.7): 0.265625
 -- 1230 / 2297 --
mean loss: 8.210718
segmentation accuracy: 0.872986
box IoU (ground/3D): 0.598391 / 0.537275
box estimation accuracy (IoU=0.7): 0.328125
 -- 1240 / 2297 --
mean loss: 9.275329
segmentation accuracy: 0.866519
box IoU (ground/3D): 0.561124 / 0.498288
box estimation accuracy (IoU=0.7): 0.240625
 -- 1250 / 2297 --
mean loss: 10.067169
segmentation accuracy: 0.864987
box IoU (ground/3D): 0.578551 / 0.517665
box estimation accuracy (IoU=0.7): 0.256250
 -- 1260 / 2297 --
mean loss: 9.081356
segmentation accuracy: 0.856317
box IoU (ground/3D): 0.582537 / 0.525841
box estimation accuracy (IoU=0.7): 0.343750
 -- 1270 / 2297 --
mean loss: 9.841527
segmentation accuracy: 0.876135
box IoU (ground/3D): 0.568589 / 0.513486
box estimation accuracy (IoU=0.7): 0.281250
 -- 1280 / 2297 --
mean loss: 8.489088
segmentation accuracy: 0.877716
box IoU (ground/3D): 0.572011 / 0.521202
box estimation accuracy (IoU=0.7): 0.250000
 -- 1290 / 2297 --
mean loss: 7.967125
segmentation accuracy: 0.861664
box IoU (ground/3D): 0.581075 / 0.525891
box estimation accuracy (IoU=0.7): 0.262500
 -- 1300 / 2297 --
mean loss: 8.565284
segmentation accuracy: 0.874283
box IoU (ground/3D): 0.575906 / 0.519400
box estimation accuracy (IoU=0.7): 0.275000
 -- 1310 / 2297 --
mean loss: 8.134100
segmentation accuracy: 0.873993
box IoU (ground/3D): 0.582672 / 0.520424
box estimation accuracy (IoU=0.7): 0.243750
 -- 1320 / 2297 --
mean loss: 10.369877
segmentation accuracy: 0.868335
box IoU (ground/3D): 0.550196 / 0.499919
box estimation accuracy (IoU=0.7): 0.303125
 -- 1330 / 2297 --
mean loss: 8.187350
segmentation accuracy: 0.875357
box IoU (ground/3D): 0.601601 / 0.547246
box estimation accuracy (IoU=0.7): 0.303125
 -- 1340 / 2297 --
mean loss: 8.838767
segmentation accuracy: 0.872556
box IoU (ground/3D): 0.600439 / 0.545086
box estimation accuracy (IoU=0.7): 0.356250
 -- 1350 / 2297 --
mean loss: 9.683185
segmentation accuracy: 0.869421
box IoU (ground/3D): 0.580281 / 0.525949
box estimation accuracy (IoU=0.7): 0.312500
 -- 1360 / 2297 --
mean loss: 7.666112
segmentation accuracy: 0.874121
box IoU (ground/3D): 0.584965 / 0.528788
box estimation accuracy (IoU=0.7): 0.240625
 -- 1370 / 2297 --
mean loss: 8.321079
segmentation accuracy: 0.867166
box IoU (ground/3D): 0.565179 / 0.514882
box estimation accuracy (IoU=0.7): 0.259375
 -- 1380 / 2297 --
mean loss: 9.404521
segmentation accuracy: 0.878885
box IoU (ground/3D): 0.556769 / 0.497472
box estimation accuracy (IoU=0.7): 0.228125
 -- 1390 / 2297 --
mean loss: 9.951131
segmentation accuracy: 0.859302
box IoU (ground/3D): 0.539617 / 0.486551
box estimation accuracy (IoU=0.7): 0.234375
 -- 1400 / 2297 --
mean loss: 10.119893
segmentation accuracy: 0.868402
box IoU (ground/3D): 0.535183 / 0.486910
box estimation accuracy (IoU=0.7): 0.243750
 -- 1410 / 2297 --
mean loss: 8.655359
segmentation accuracy: 0.870105
box IoU (ground/3D): 0.564112 / 0.508173
box estimation accuracy (IoU=0.7): 0.225000
 -- 1420 / 2297 --
mean loss: 9.380713
segmentation accuracy: 0.859818
box IoU (ground/3D): 0.555221 / 0.498970
box estimation accuracy (IoU=0.7): 0.221875
 -- 1430 / 2297 --
mean loss: 8.207195
segmentation accuracy: 0.870825
box IoU (ground/3D): 0.575065 / 0.514933
box estimation accuracy (IoU=0.7): 0.243750
 -- 1440 / 2297 --
mean loss: 9.296810
segmentation accuracy: 0.861954
box IoU (ground/3D): 0.585214 / 0.528465
box estimation accuracy (IoU=0.7): 0.268750
 -- 1450 / 2297 --
mean loss: 8.567737
segmentation accuracy: 0.859244
box IoU (ground/3D): 0.587486 / 0.528740
box estimation accuracy (IoU=0.7): 0.256250
 -- 1460 / 2297 --
mean loss: 9.052914
segmentation accuracy: 0.869574
box IoU (ground/3D): 0.595694 / 0.536391
box estimation accuracy (IoU=0.7): 0.346875
 -- 1470 / 2297 --
mean loss: 9.908619
segmentation accuracy: 0.860724
box IoU (ground/3D): 0.561346 / 0.504136
box estimation accuracy (IoU=0.7): 0.237500
 -- 1480 / 2297 --
mean loss: 10.197274
segmentation accuracy: 0.883267
box IoU (ground/3D): 0.586093 / 0.522771
box estimation accuracy (IoU=0.7): 0.237500
 -- 1490 / 2297 --
mean loss: 9.141812
segmentation accuracy: 0.871820
box IoU (ground/3D): 0.575006 / 0.518330
box estimation accuracy (IoU=0.7): 0.262500
 -- 1500 / 2297 --
mean loss: 9.517551
segmentation accuracy: 0.866473
box IoU (ground/3D): 0.585541 / 0.521258
box estimation accuracy (IoU=0.7): 0.290625
 -- 1510 / 2297 --
mean loss: 9.032944
segmentation accuracy: 0.849414
box IoU (ground/3D): 0.562696 / 0.508802
box estimation accuracy (IoU=0.7): 0.243750
 -- 1520 / 2297 --
mean loss: 10.483062
segmentation accuracy: 0.864267
box IoU (ground/3D): 0.570315 / 0.513571
box estimation accuracy (IoU=0.7): 0.306250
 -- 1530 / 2297 --
mean loss: 8.115972
segmentation accuracy: 0.874744
box IoU (ground/3D): 0.580169 / 0.525247
box estimation accuracy (IoU=0.7): 0.253125
 -- 1540 / 2297 --
mean loss: 8.548609
segmentation accuracy: 0.878830
box IoU (ground/3D): 0.576915 / 0.518384
box estimation accuracy (IoU=0.7): 0.212500
 -- 1550 / 2297 --
mean loss: 10.594075
segmentation accuracy: 0.870013
box IoU (ground/3D): 0.570997 / 0.517800
box estimation accuracy (IoU=0.7): 0.275000
 -- 1560 / 2297 --
mean loss: 10.601053
segmentation accuracy: 0.861041
box IoU (ground/3D): 0.573522 / 0.512479
box estimation accuracy (IoU=0.7): 0.246875
 -- 1570 / 2297 --
mean loss: 9.164763
segmentation accuracy: 0.864590
box IoU (ground/3D): 0.579497 / 0.522597
box estimation accuracy (IoU=0.7): 0.265625
 -- 1580 / 2297 --
mean loss: 8.654529
segmentation accuracy: 0.883514
box IoU (ground/3D): 0.602774 / 0.549859
box estimation accuracy (IoU=0.7): 0.328125
 -- 1590 / 2297 --
mean loss: 8.255942
segmentation accuracy: 0.871008
box IoU (ground/3D): 0.599095 / 0.540778
box estimation accuracy (IoU=0.7): 0.296875
 -- 1600 / 2297 --
mean loss: 8.993674
segmentation accuracy: 0.869672
box IoU (ground/3D): 0.595501 / 0.542365
box estimation accuracy (IoU=0.7): 0.303125
 -- 1610 / 2297 --
mean loss: 9.236956
segmentation accuracy: 0.865567
box IoU (ground/3D): 0.571615 / 0.517049
box estimation accuracy (IoU=0.7): 0.253125
 -- 1620 / 2297 --
mean loss: 9.187171
segmentation accuracy: 0.874542
box IoU (ground/3D): 0.564936 / 0.507177
box estimation accuracy (IoU=0.7): 0.246875
 -- 1630 / 2297 --
mean loss: 10.103641
segmentation accuracy: 0.866208
box IoU (ground/3D): 0.536151 / 0.480540
box estimation accuracy (IoU=0.7): 0.181250
 -- 1640 / 2297 --
mean loss: 8.165385
segmentation accuracy: 0.882648
box IoU (ground/3D): 0.591981 / 0.538451
box estimation accuracy (IoU=0.7): 0.300000
 -- 1650 / 2297 --
mean loss: 8.873293
segmentation accuracy: 0.880576
box IoU (ground/3D): 0.576746 / 0.517631
box estimation accuracy (IoU=0.7): 0.234375
 -- 1660 / 2297 --
mean loss: 9.380784
segmentation accuracy: 0.874606
box IoU (ground/3D): 0.596908 / 0.538314
box estimation accuracy (IoU=0.7): 0.284375
 -- 1670 / 2297 --
mean loss: 8.900417
segmentation accuracy: 0.870554
box IoU (ground/3D): 0.568342 / 0.506358
box estimation accuracy (IoU=0.7): 0.250000
 -- 1680 / 2297 --
mean loss: 9.488793
segmentation accuracy: 0.871747
box IoU (ground/3D): 0.541365 / 0.492280
box estimation accuracy (IoU=0.7): 0.218750
 -- 1690 / 2297 --
mean loss: 8.818561
segmentation accuracy: 0.863657
box IoU (ground/3D): 0.579301 / 0.530555
box estimation accuracy (IoU=0.7): 0.281250
 -- 1700 / 2297 --
mean loss: 7.693673
segmentation accuracy: 0.886346
box IoU (ground/3D): 0.612187 / 0.554599
box estimation accuracy (IoU=0.7): 0.306250
 -- 1710 / 2297 --
mean loss: 10.313620
segmentation accuracy: 0.863202
box IoU (ground/3D): 0.571257 / 0.518212
box estimation accuracy (IoU=0.7): 0.287500
 -- 1720 / 2297 --
mean loss: 9.570831
segmentation accuracy: 0.881241
box IoU (ground/3D): 0.605098 / 0.547990
box estimation accuracy (IoU=0.7): 0.296875
 -- 1730 / 2297 --
mean loss: 8.017320
segmentation accuracy: 0.858002
box IoU (ground/3D): 0.564980 / 0.513634
box estimation accuracy (IoU=0.7): 0.271875
 -- 1740 / 2297 --
mean loss: 10.362632
segmentation accuracy: 0.864578
box IoU (ground/3D): 0.575739 / 0.521250
box estimation accuracy (IoU=0.7): 0.284375
 -- 1750 / 2297 --
mean loss: 8.495372
segmentation accuracy: 0.872839
box IoU (ground/3D): 0.595040 / 0.535396
box estimation accuracy (IoU=0.7): 0.315625
 -- 1760 / 2297 --
mean loss: 7.454159
segmentation accuracy: 0.861017
box IoU (ground/3D): 0.573502 / 0.518666
box estimation accuracy (IoU=0.7): 0.259375
 -- 1770 / 2297 --
mean loss: 9.116449
segmentation accuracy: 0.881555
box IoU (ground/3D): 0.603989 / 0.544691
box estimation accuracy (IoU=0.7): 0.290625
 -- 1780 / 2297 --
mean loss: 7.275878
segmentation accuracy: 0.883002
box IoU (ground/3D): 0.603463 / 0.550018
box estimation accuracy (IoU=0.7): 0.334375
 -- 1790 / 2297 --
mean loss: 8.802742
segmentation accuracy: 0.878201
box IoU (ground/3D): 0.592930 / 0.534603
box estimation accuracy (IoU=0.7): 0.271875
 -- 1800 / 2297 --
mean loss: 6.566005
segmentation accuracy: 0.883865
box IoU (ground/3D): 0.614811 / 0.555903
box estimation accuracy (IoU=0.7): 0.312500
 -- 1810 / 2297 --
mean loss: 7.820207
segmentation accuracy: 0.882483
box IoU (ground/3D): 0.595376 / 0.541145
box estimation accuracy (IoU=0.7): 0.290625
 -- 1820 / 2297 --
mean loss: 7.362454
segmentation accuracy: 0.876425
box IoU (ground/3D): 0.601925 / 0.545563
box estimation accuracy (IoU=0.7): 0.300000
 -- 1830 / 2297 --
mean loss: 8.142476
segmentation accuracy: 0.874951
box IoU (ground/3D): 0.600089 / 0.546096
box estimation accuracy (IoU=0.7): 0.325000
 -- 1840 / 2297 --
mean loss: 7.309066
segmentation accuracy: 0.879343
box IoU (ground/3D): 0.590859 / 0.539584
box estimation accuracy (IoU=0.7): 0.253125
 -- 1850 / 2297 --
mean loss: 7.877427
segmentation accuracy: 0.875967
box IoU (ground/3D): 0.606719 / 0.553740
box estimation accuracy (IoU=0.7): 0.318750
 -- 1860 / 2297 --
mean loss: 9.087309
segmentation accuracy: 0.871002
box IoU (ground/3D): 0.584488 / 0.529901
box estimation accuracy (IoU=0.7): 0.259375
 -- 1870 / 2297 --
mean loss: 7.770697
segmentation accuracy: 0.877719
box IoU (ground/3D): 0.604408 / 0.547713
box estimation accuracy (IoU=0.7): 0.300000
 -- 1880 / 2297 --
mean loss: 7.146451
segmentation accuracy: 0.879333
box IoU (ground/3D): 0.610129 / 0.554262
box estimation accuracy (IoU=0.7): 0.343750
 -- 1890 / 2297 --
mean loss: 8.519909
segmentation accuracy: 0.869305
box IoU (ground/3D): 0.569258 / 0.512288
box estimation accuracy (IoU=0.7): 0.303125
 -- 1900 / 2297 --
mean loss: 8.610146
segmentation accuracy: 0.870847
box IoU (ground/3D): 0.594764 / 0.533821
box estimation accuracy (IoU=0.7): 0.278125
 -- 1910 / 2297 --
mean loss: 8.070421
segmentation accuracy: 0.862637
box IoU (ground/3D): 0.568351 / 0.513639
box estimation accuracy (IoU=0.7): 0.281250
 -- 1920 / 2297 --
mean loss: 9.302543
segmentation accuracy: 0.845038
box IoU (ground/3D): 0.549154 / 0.493272
box estimation accuracy (IoU=0.7): 0.234375
 -- 1930 / 2297 --
mean loss: 8.807323
segmentation accuracy: 0.876309
box IoU (ground/3D): 0.592382 / 0.536129
box estimation accuracy (IoU=0.7): 0.325000
 -- 1940 / 2297 --
mean loss: 8.130187
segmentation accuracy: 0.873233
box IoU (ground/3D): 0.582465 / 0.527783
box estimation accuracy (IoU=0.7): 0.300000
 -- 1950 / 2297 --
mean loss: 10.882288
segmentation accuracy: 0.879318
box IoU (ground/3D): 0.547660 / 0.486955
box estimation accuracy (IoU=0.7): 0.209375
 -- 1960 / 2297 --
mean loss: 8.304487
segmentation accuracy: 0.884320
box IoU (ground/3D): 0.608022 / 0.538557
box estimation accuracy (IoU=0.7): 0.293750
 -- 1970 / 2297 --
mean loss: 8.061473
segmentation accuracy: 0.891003
box IoU (ground/3D): 0.605700 / 0.535581
box estimation accuracy (IoU=0.7): 0.259375
 -- 1980 / 2297 --
mean loss: 8.463649
segmentation accuracy: 0.878534
box IoU (ground/3D): 0.601294 / 0.542375
box estimation accuracy (IoU=0.7): 0.284375
 -- 1990 / 2297 --
mean loss: 10.496467
segmentation accuracy: 0.875760
box IoU (ground/3D): 0.590408 / 0.519224
box estimation accuracy (IoU=0.7): 0.256250
 -- 2000 / 2297 --
mean loss: 8.621033
segmentation accuracy: 0.862039
box IoU (ground/3D): 0.597874 / 0.526630
box estimation accuracy (IoU=0.7): 0.225000
 -- 2010 / 2297 --
mean loss: 9.366524
segmentation accuracy: 0.878064
box IoU (ground/3D): 0.563124 / 0.499876
box estimation accuracy (IoU=0.7): 0.209375
 -- 2020 / 2297 --
mean loss: 6.673849
segmentation accuracy: 0.874948
box IoU (ground/3D): 0.590351 / 0.531148
box estimation accuracy (IoU=0.7): 0.268750
 -- 2030 / 2297 --
mean loss: 7.665916
segmentation accuracy: 0.889102
box IoU (ground/3D): 0.606000 / 0.544173
box estimation accuracy (IoU=0.7): 0.331250
 -- 2040 / 2297 --
mean loss: 9.311084
segmentation accuracy: 0.869199
box IoU (ground/3D): 0.590280 / 0.524570
box estimation accuracy (IoU=0.7): 0.296875
 -- 2050 / 2297 --
mean loss: 7.450719
segmentation accuracy: 0.871216
box IoU (ground/3D): 0.596007 / 0.528166
box estimation accuracy (IoU=0.7): 0.278125
 -- 2060 / 2297 --
mean loss: 8.947954
segmentation accuracy: 0.874545
box IoU (ground/3D): 0.577691 / 0.512919
box estimation accuracy (IoU=0.7): 0.271875
 -- 2070 / 2297 --
mean loss: 8.078693
segmentation accuracy: 0.875308
box IoU (ground/3D): 0.600730 / 0.537972
box estimation accuracy (IoU=0.7): 0.318750
 -- 2080 / 2297 --
mean loss: 8.439253
segmentation accuracy: 0.863544
box IoU (ground/3D): 0.565382 / 0.508171
box estimation accuracy (IoU=0.7): 0.259375
 -- 2090 / 2297 --
mean loss: 10.122033
segmentation accuracy: 0.850150
box IoU (ground/3D): 0.542520 / 0.488607
box estimation accuracy (IoU=0.7): 0.215625
 -- 2100 / 2297 --
mean loss: 9.764582
segmentation accuracy: 0.864835
box IoU (ground/3D): 0.564496 / 0.509983
box estimation accuracy (IoU=0.7): 0.256250
 -- 2110 / 2297 --
mean loss: 8.116176
segmentation accuracy: 0.878021
box IoU (ground/3D): 0.597036 / 0.536234
box estimation accuracy (IoU=0.7): 0.268750
 -- 2120 / 2297 --
mean loss: 8.986390
segmentation accuracy: 0.871811
box IoU (ground/3D): 0.571131 / 0.515439
box estimation accuracy (IoU=0.7): 0.271875
 -- 2130 / 2297 --
mean loss: 10.164681
segmentation accuracy: 0.871613
box IoU (ground/3D): 0.550621 / 0.491818
box estimation accuracy (IoU=0.7): 0.206250
 -- 2140 / 2297 --
mean loss: 7.788597
segmentation accuracy: 0.877151
box IoU (ground/3D): 0.586077 / 0.529076
box estimation accuracy (IoU=0.7): 0.253125
 -- 2150 / 2297 --
mean loss: 8.723569
segmentation accuracy: 0.879428
box IoU (ground/3D): 0.576147 / 0.521556
box estimation accuracy (IoU=0.7): 0.259375
 -- 2160 / 2297 --
mean loss: 7.593936
segmentation accuracy: 0.880042
box IoU (ground/3D): 0.602375 / 0.543881
box estimation accuracy (IoU=0.7): 0.300000
 -- 2170 / 2297 --
mean loss: 7.645519
segmentation accuracy: 0.868076
box IoU (ground/3D): 0.591258 / 0.536040
box estimation accuracy (IoU=0.7): 0.328125
 -- 2180 / 2297 --
mean loss: 7.293349
segmentation accuracy: 0.881516
box IoU (ground/3D): 0.587067 / 0.535250
box estimation accuracy (IoU=0.7): 0.275000
 -- 2190 / 2297 --
mean loss: 7.805853
segmentation accuracy: 0.892133
box IoU (ground/3D): 0.587845 / 0.534065
box estimation accuracy (IoU=0.7): 0.312500
 -- 2200 / 2297 --
mean loss: 8.726592
segmentation accuracy: 0.882349
box IoU (ground/3D): 0.592199 / 0.534132
box estimation accuracy (IoU=0.7): 0.275000
 -- 2210 / 2297 --
mean loss: 10.049207
segmentation accuracy: 0.873669
box IoU (ground/3D): 0.584529 / 0.528011
box estimation accuracy (IoU=0.7): 0.287500
 -- 2220 / 2297 --
mean loss: 10.967131
segmentation accuracy: 0.868423
box IoU (ground/3D): 0.555276 / 0.505480
box estimation accuracy (IoU=0.7): 0.256250
 -- 2230 / 2297 --
mean loss: 8.789893
segmentation accuracy: 0.864294
box IoU (ground/3D): 0.597560 / 0.536771
box estimation accuracy (IoU=0.7): 0.303125
 -- 2240 / 2297 --
mean loss: 6.551342
segmentation accuracy: 0.872726
box IoU (ground/3D): 0.601743 / 0.543992
box estimation accuracy (IoU=0.7): 0.271875
 -- 2250 / 2297 --
mean loss: 10.123353
segmentation accuracy: 0.870535
box IoU (ground/3D): 0.610393 / 0.553099
box estimation accuracy (IoU=0.7): 0.334375
 -- 2260 / 2297 --
mean loss: 8.470828
segmentation accuracy: 0.870578
box IoU (ground/3D): 0.587918 / 0.532664
box estimation accuracy (IoU=0.7): 0.334375
 -- 2270 / 2297 --
mean loss: 9.130629
segmentation accuracy: 0.869696
box IoU (ground/3D): 0.589821 / 0.520651
box estimation accuracy (IoU=0.7): 0.262500
 -- 2280 / 2297 --
mean loss: 10.573961
segmentation accuracy: 0.878497
box IoU (ground/3D): 0.591137 / 0.518211
box estimation accuracy (IoU=0.7): 0.262500
 -- 2290 / 2297 --
mean loss: 8.677004
segmentation accuracy: 0.884702
box IoU (ground/3D): 0.557471 / 0.494305
box estimation accuracy (IoU=0.7): 0.234375
2018-10-26 12:36:50.287341
---- EPOCH 001 EVALUATION ----
eval mean loss: 9.791916
eval segmentation accuracy: 0.863139
eval segmentation avg class acc: 0.864281
eval box IoU (ground/3D): 0.601755 / 0.548928
eval box estimation accuracy (IoU=0.7): 0.351835
**** EPOCH 002 ****
